<?xml version="1.0" encoding="UTF-8"?>
<!-- Generated by org.testng.reporters.JUnitReportReporter -->
<testsuite hostname="cs41-PC" name="testNG" tests="3" failures="0" timestamp="17 Sep 2019 10:28:22 GMT" time="10.024" errors="0">
  <testcase name="YouTube" time="5.288" classname="testNG"/>
  <testcase name="Click" time="1.952" classname="testNG"/>
  <testcase name="GmailPage" time="2.784" classname="testNG"/>
</testsuite> <!-- testNG -->
