<?xml version="1.0" encoding="UTF-8"?>
<!-- Generated by org.testng.reporters.JUnitReportReporter -->
<testsuite hostname="cs41-PC" name="Today.FullExamplePrectise" tests="1" failures="0" timestamp="13 Sep 2019 05:13:57 GMT" time="4.933" errors="0">
  <testcase name="B_HitUrl" time="4.933" classname="Today.FullExamplePrectise"/>
</testsuite> <!-- Today.FullExamplePrectise -->
