<?xml version="1.0" encoding="UTF-8"?>
<!-- Generated by org.testng.reporters.JUnitReportReporter -->
<testsuite hostname="cs41-PC" name="Today.MyProgram" tests="4" failures="0" timestamp="17 Sep 2019 06:36:53 GMT" time="8.441" errors="0">
  <testcase name="B_SecondMethod" time="2.659" classname="Today.MyProgram"/>
  <testcase name="C_ExtentReport" time="0.118" classname="Today.MyProgram"/>
  <testcase name="E_GetScreenShot" time="0.673" classname="Today.MyProgram"/>
  <testcase name="D_ThiredMethod" time="4.991" classname="Today.MyProgram"/>
</testsuite> <!-- Today.MyProgram -->
