<?xml version="1.0" encoding="UTF-8"?>
<!-- Generated by org.testng.reporters.JUnitReportReporter -->
<testsuite hostname="cs41-PC" name="Freamwork.autofream" tests="1" failures="0" timestamp="17 Sep 2019 09:08:09 GMT" time="0.009" errors="0">
  <testcase name="a_url" time="0.009" classname="Freamwork.autofream"/>
</testsuite> <!-- Freamwork.autofream -->
