<?xml version="1.0" encoding="UTF-8"?>
<!-- Generated by org.testng.reporters.JUnitReportReporter -->
<testsuite hostname="cs41-PC" name="TestNG.Form2" tests="2" failures="0" timestamp="17 Sep 2019 07:35:35 GMT" time="17.256" errors="0">
  <testcase name="C_Formfill" time="8.949" classname="TestNG.Form2"/>
  <testcase name="B_Secound" time="8.307" classname="TestNG.Form2"/>
</testsuite> <!-- TestNG.Form2 -->
