<?xml version="1.0" encoding="UTF-8"?>
<!-- Generated by org.testng.reporters.JUnitReportReporter -->
<testsuite hostname="cs41-PC" name="PrectiseDemo.MyExample" tests="2" failures="0" timestamp="12 Sep 2019 06:47:27 GMT" time="4.808" errors="0">
  <testcase name="b_HITURL" time="4.416" classname="PrectiseDemo.MyExample"/>
  <testcase name="d_GetScreenshot" time="0.392" classname="PrectiseDemo.MyExample"/>
</testsuite> <!-- PrectiseDemo.MyExample -->
